2026-01-29 14:32:22,784 p=38348 u=yorito n=ansible INFO| PLAY [Provisioning  servers] *****************************************************
2026-01-29 14:32:22,795 p=38348 u=yorito n=ansible INFO| TASK [Gathering Facts] ***********************************************************
2026-01-29 14:32:23,332 p=38348 u=yorito n=ansible ERROR| [ERROR]: Task failed: Failed to connect to the host via ssh: no such identity: ./gcp_key: No such file or directory
cloud_1-user@34.155.147.233: Permission denied (publickey).


2026-01-29 14:32:23,333 p=38348 u=yorito n=ansible INFO| fatal: [instance_1]: UNREACHABLE! => {"changed": false, "msg": "Task failed: Failed to connect to the host via ssh: no such identity: ./gcp_key: No such file or directory\r\ncloud_1-user@34.155.147.233: Permission denied (publickey).", "unreachable": true}
2026-01-29 14:32:23,335 p=38348 u=yorito n=ansible INFO| PLAY RECAP ***********************************************************************
2026-01-29 14:32:23,335 p=38348 u=yorito n=ansible INFO| instance_1                 : ok=0    changed=0    unreachable=1    failed=0    skipped=0    rescued=0    ignored=0   
2026-01-29 14:33:24,292 p=38582 u=yorito n=ansible INFO| PLAY [Provisioning  servers] *****************************************************
2026-01-29 14:33:24,301 p=38582 u=yorito n=ansible INFO| TASK [Gathering Facts] ***********************************************************
2026-01-29 14:33:24,853 p=38582 u=yorito n=ansible ERROR| [ERROR]: Task failed: Failed to connect to the host via ssh: @@@@@@@@@@@@@@@@@@@@@@@@@@@@@@@@@@@@@@@@@@@@@@@@@@@@@@@@@@@
@         WARNING: UNPROTECTED PRIVATE KEY FILE!          @
@@@@@@@@@@@@@@@@@@@@@@@@@@@@@@@@@@@@@@@@@@@@@@@@@@@@@@@@@@@
Permissions 0644 for './cloud_1-key.pub' are too open.
It is required that your private key files are NOT accessible by others.
This private key will be ignored.
Load key "./cloud_1-key.pub": bad permissions
cloud_1-user@34.155.147.233: Permission denied (publickey).


2026-01-29 14:33:24,854 p=38582 u=yorito n=ansible INFO| fatal: [instance_1]: UNREACHABLE! => {"changed": false, "msg": "Task failed: Failed to connect to the host via ssh: @@@@@@@@@@@@@@@@@@@@@@@@@@@@@@@@@@@@@@@@@@@@@@@@@@@@@@@@@@@\r\n@         WARNING: UNPROTECTED PRIVATE KEY FILE!          @\r\n@@@@@@@@@@@@@@@@@@@@@@@@@@@@@@@@@@@@@@@@@@@@@@@@@@@@@@@@@@@\r\nPermissions 0644 for './cloud_1-key.pub' are too open.\r\nIt is required that your private key files are NOT accessible by others.\r\nThis private key will be ignored.\r\nLoad key \"./cloud_1-key.pub\": bad permissions\r\ncloud_1-user@34.155.147.233: Permission denied (publickey).", "unreachable": true}
2026-01-29 14:33:24,855 p=38582 u=yorito n=ansible INFO| PLAY RECAP ***********************************************************************
2026-01-29 14:33:24,856 p=38582 u=yorito n=ansible INFO| instance_1                 : ok=0    changed=0    unreachable=1    failed=0    skipped=0    rescued=0    ignored=0   
2026-01-29 14:33:39,716 p=39134 u=yorito n=ansible INFO| PLAY [Provisioning  servers] *****************************************************
2026-01-29 14:33:39,726 p=39134 u=yorito n=ansible INFO| TASK [Gathering Facts] ***********************************************************
2026-01-29 14:33:40,263 p=39134 u=yorito n=ansible ERROR| [ERROR]: Task failed: Failed to connect to the host via ssh: @@@@@@@@@@@@@@@@@@@@@@@@@@@@@@@@@@@@@@@@@@@@@@@@@@@@@@@@@@@
@         WARNING: UNPROTECTED PRIVATE KEY FILE!          @
@@@@@@@@@@@@@@@@@@@@@@@@@@@@@@@@@@@@@@@@@@@@@@@@@@@@@@@@@@@
Permissions 0644 for './cloud_1-key.pub' are too open.
It is required that your private key files are NOT accessible by others.
This private key will be ignored.
Load key "./cloud_1-key.pub": bad permissions
cloud_1-user@34.155.147.233: Permission denied (publickey).


2026-01-29 14:33:40,263 p=39134 u=yorito n=ansible INFO| fatal: [instance_1]: UNREACHABLE! => {"changed": false, "msg": "Task failed: Failed to connect to the host via ssh: @@@@@@@@@@@@@@@@@@@@@@@@@@@@@@@@@@@@@@@@@@@@@@@@@@@@@@@@@@@\r\n@         WARNING: UNPROTECTED PRIVATE KEY FILE!          @\r\n@@@@@@@@@@@@@@@@@@@@@@@@@@@@@@@@@@@@@@@@@@@@@@@@@@@@@@@@@@@\r\nPermissions 0644 for './cloud_1-key.pub' are too open.\r\nIt is required that your private key files are NOT accessible by others.\r\nThis private key will be ignored.\r\nLoad key \"./cloud_1-key.pub\": bad permissions\r\ncloud_1-user@34.155.147.233: Permission denied (publickey).", "unreachable": true}
2026-01-29 14:33:40,264 p=39134 u=yorito n=ansible INFO| PLAY RECAP ***********************************************************************
2026-01-29 14:33:40,264 p=39134 u=yorito n=ansible INFO| instance_1                 : ok=0    changed=0    unreachable=1    failed=0    skipped=0    rescued=0    ignored=0   
2026-01-29 14:33:49,657 p=39170 u=yorito n=ansible INFO| PLAY [Provisioning  servers] *****************************************************
2026-01-29 14:33:49,667 p=39170 u=yorito n=ansible INFO| TASK [Gathering Facts] ***********************************************************
2026-01-29 14:33:50,227 p=39170 u=yorito n=ansible ERROR| [ERROR]: Task failed: Failed to connect to the host via ssh: @@@@@@@@@@@@@@@@@@@@@@@@@@@@@@@@@@@@@@@@@@@@@@@@@@@@@@@@@@@
@         WARNING: UNPROTECTED PRIVATE KEY FILE!          @
@@@@@@@@@@@@@@@@@@@@@@@@@@@@@@@@@@@@@@@@@@@@@@@@@@@@@@@@@@@
Permissions 0644 for './cloud_1-key.pub' are too open.
It is required that your private key files are NOT accessible by others.
This private key will be ignored.
Load key "./cloud_1-key.pub": bad permissions
cloud_1-user@34.155.147.233: Permission denied (publickey).


2026-01-29 14:33:50,228 p=39170 u=yorito n=ansible INFO| fatal: [instance_1]: UNREACHABLE! => {"changed": false, "msg": "Task failed: Failed to connect to the host via ssh: @@@@@@@@@@@@@@@@@@@@@@@@@@@@@@@@@@@@@@@@@@@@@@@@@@@@@@@@@@@\r\n@         WARNING: UNPROTECTED PRIVATE KEY FILE!          @\r\n@@@@@@@@@@@@@@@@@@@@@@@@@@@@@@@@@@@@@@@@@@@@@@@@@@@@@@@@@@@\r\nPermissions 0644 for './cloud_1-key.pub' are too open.\r\nIt is required that your private key files are NOT accessible by others.\r\nThis private key will be ignored.\r\nLoad key \"./cloud_1-key.pub\": bad permissions\r\ncloud_1-user@34.155.147.233: Permission denied (publickey).", "unreachable": true}
2026-01-29 14:33:50,228 p=39170 u=yorito n=ansible INFO| PLAY RECAP ***********************************************************************
2026-01-29 14:33:50,228 p=39170 u=yorito n=ansible INFO| instance_1                 : ok=0    changed=0    unreachable=1    failed=0    skipped=0    rescued=0    ignored=0   
2026-01-29 14:34:35,329 p=39276 u=yorito n=ansible INFO| PLAY [Provisioning  servers] *****************************************************
2026-01-29 14:34:35,339 p=39276 u=yorito n=ansible INFO| TASK [Gathering Facts] ***********************************************************
2026-01-29 14:34:35,930 p=39276 u=yorito n=ansible ERROR| [ERROR]: Task failed: Failed to connect to the host via ssh: @@@@@@@@@@@@@@@@@@@@@@@@@@@@@@@@@@@@@@@@@@@@@@@@@@@@@@@@@@@
@         WARNING: UNPROTECTED PRIVATE KEY FILE!          @
@@@@@@@@@@@@@@@@@@@@@@@@@@@@@@@@@@@@@@@@@@@@@@@@@@@@@@@@@@@
Permissions 0644 for './cloud_1-key.pub' are too open.
It is required that your private key files are NOT accessible by others.
This private key will be ignored.
Load key "./cloud_1-key.pub": bad permissions
cloud_1-user@34.155.147.233: Permission denied (publickey).


2026-01-29 14:34:35,931 p=39276 u=yorito n=ansible INFO| fatal: [instance_1]: UNREACHABLE! => {"changed": false, "msg": "Task failed: Failed to connect to the host via ssh: @@@@@@@@@@@@@@@@@@@@@@@@@@@@@@@@@@@@@@@@@@@@@@@@@@@@@@@@@@@\r\n@         WARNING: UNPROTECTED PRIVATE KEY FILE!          @\r\n@@@@@@@@@@@@@@@@@@@@@@@@@@@@@@@@@@@@@@@@@@@@@@@@@@@@@@@@@@@\r\nPermissions 0644 for './cloud_1-key.pub' are too open.\r\nIt is required that your private key files are NOT accessible by others.\r\nThis private key will be ignored.\r\nLoad key \"./cloud_1-key.pub\": bad permissions\r\ncloud_1-user@34.155.147.233: Permission denied (publickey).", "unreachable": true}
2026-01-29 14:34:35,932 p=39276 u=yorito n=ansible INFO| PLAY RECAP ***********************************************************************
2026-01-29 14:34:35,932 p=39276 u=yorito n=ansible INFO| instance_1                 : ok=0    changed=0    unreachable=1    failed=0    skipped=0    rescued=0    ignored=0   
2026-01-29 14:36:25,715 p=39336 u=yorito n=ansible INFO| PLAY [Provisioning  servers] *****************************************************
2026-01-29 14:36:25,725 p=39336 u=yorito n=ansible INFO| TASK [Gathering Facts] ***********************************************************
2026-01-29 14:36:28,969 p=39336 u=yorito n=ansible INFO| ok: [instance_1]
2026-01-29 14:36:28,970 p=39336 u=yorito n=ansible INFO| TASK [cloud_1 : Update apt cache] ************************************************
2026-01-29 14:36:32,360 p=39336 u=yorito n=ansible INFO| ok: [instance_1]
2026-01-29 14:36:32,365 p=39336 u=yorito n=ansible INFO| TASK [cloud_1 : Install common packages] *****************************************
2026-01-29 14:36:34,165 p=39336 u=yorito n=ansible INFO| ok: [instance_1]
2026-01-29 14:36:34,169 p=39336 u=yorito n=ansible INFO| TASK [cloud_1 : Ensure UFW service is enabled in Systemd] ************************
2026-01-29 14:36:35,634 p=39336 u=yorito n=ansible INFO| ok: [instance_1]
2026-01-29 14:36:35,638 p=39336 u=yorito n=ansible INFO| TASK [cloud_1 : Allow SSH] *******************************************************
2026-01-29 14:36:37,343 p=39336 u=yorito n=ansible INFO| ok: [instance_1]
2026-01-29 14:36:37,346 p=39336 u=yorito n=ansible INFO| TASK [cloud_1 : Allow HTTP] ******************************************************
2026-01-29 14:36:38,874 p=39336 u=yorito n=ansible INFO| ok: [instance_1]
2026-01-29 14:36:38,878 p=39336 u=yorito n=ansible INFO| TASK [cloud_1 : Allow HTTPS] *****************************************************
2026-01-29 14:36:40,616 p=39336 u=yorito n=ansible INFO| ok: [instance_1]
2026-01-29 14:36:40,618 p=39336 u=yorito n=ansible INFO| TASK [cloud_1 : Enable Firewall (The Switch ON)] *********************************
2026-01-29 14:36:42,358 p=39336 u=yorito n=ansible INFO| ok: [instance_1]
2026-01-29 14:36:42,374 p=39336 u=yorito n=ansible INFO| TASK [cloud_1 : Ensure dependencies are installed] *******************************
2026-01-29 14:36:44,032 p=39336 u=yorito n=ansible INFO| ok: [instance_1]
2026-01-29 14:36:44,038 p=39336 u=yorito n=ansible INFO| TASK [cloud_1 : Add Docker GPG apt Key] ******************************************
2026-01-29 14:36:46,280 p=39336 u=yorito n=ansible INFO| ok: [instance_1]
2026-01-29 14:36:46,282 p=39336 u=yorito n=ansible INFO| TASK [cloud_1 : Add Docker Repository] *******************************************
2026-01-29 14:36:47,601 p=39336 u=yorito n=ansible INFO| ok: [instance_1]
2026-01-29 14:36:47,605 p=39336 u=yorito n=ansible INFO| TASK [cloud_1 : Update apt cache after adding Docker repository] *****************
2026-01-29 14:36:50,384 p=39336 u=yorito n=ansible INFO| ok: [instance_1]
2026-01-29 14:36:50,388 p=39336 u=yorito n=ansible INFO| TASK [cloud_1 : Install Docker and Docker Compose] *******************************
2026-01-29 14:36:52,194 p=39336 u=yorito n=ansible INFO| ok: [instance_1]
2026-01-29 14:36:52,196 p=39336 u=yorito n=ansible INFO| TASK [cloud_1 : Ensure Docker service is enabled and started] ********************
2026-01-29 14:36:53,420 p=39336 u=yorito n=ansible INFO| ok: [instance_1]
2026-01-29 14:36:53,424 p=39336 u=yorito n=ansible INFO| TASK [cloud_1 : Add ubuntu user to docker group] *********************************
2026-01-29 14:36:54,649 p=39336 u=yorito n=ansible INFO| ok: [instance_1]
2026-01-29 14:36:54,653 p=39336 u=yorito n=ansible INFO| TASK [cloud_1 : Create project directory] ****************************************
2026-01-29 14:36:55,773 p=39336 u=yorito n=ansible INFO| ok: [instance_1]
2026-01-29 14:36:55,777 p=39336 u=yorito n=ansible INFO| TASK [cloud_1 : Create directory for certificates] *******************************
2026-01-29 14:36:56,796 p=39336 u=yorito n=ansible INFO| ok: [instance_1]
2026-01-29 14:36:56,800 p=39336 u=yorito n=ansible INFO| TASK [cloud_1 : Generate an OpenSSL private key] *********************************
2026-01-29 14:36:58,349 p=39336 u=yorito n=ansible INFO| ok: [instance_1]
2026-01-29 14:36:58,353 p=39336 u=yorito n=ansible INFO| TASK [cloud_1 : Generate an OpenSSL Certificate Signing Request (CSR)] ***********
2026-01-29 14:36:59,765 p=39336 u=yorito n=ansible INFO| ok: [instance_1]
2026-01-29 14:36:59,767 p=39336 u=yorito n=ansible INFO| TASK [cloud_1 : Generate a Self Signed OpenSSL certificate] **********************
2026-01-29 14:37:01,117 p=39336 u=yorito n=ansible INFO| ok: [instance_1]
2026-01-29 14:37:01,121 p=39336 u=yorito n=ansible INFO| TASK [cloud_1 : Copy .env file] **************************************************
2026-01-29 14:37:03,046 p=39336 u=yorito n=ansible INFO| ok: [instance_1]
2026-01-29 14:37:03,050 p=39336 u=yorito n=ansible INFO| TASK [cloud_1 : Copy Nginx config] ***********************************************
2026-01-29 14:37:05,269 p=39336 u=yorito n=ansible INFO| changed: [instance_1]
2026-01-29 14:37:05,273 p=39336 u=yorito n=ansible INFO| TASK [cloud_1 : Copy docker-compose file] ****************************************
2026-01-29 14:37:07,143 p=39336 u=yorito n=ansible INFO| ok: [instance_1]
2026-01-29 14:37:07,146 p=39336 u=yorito n=ansible INFO| TASK [cloud_1 : Tear down existing services] *************************************
2026-01-29 14:37:13,329 p=39336 u=yorito n=ansible INFO| changed: [instance_1]
2026-01-29 14:37:13,333 p=39336 u=yorito n=ansible INFO| TASK [cloud_1 : Create and start services] ***************************************
2026-01-29 14:37:19,832 p=39336 u=yorito n=ansible INFO| changed: [instance_1]
2026-01-29 14:37:19,837 p=39336 u=yorito n=ansible INFO| PLAY RECAP ***********************************************************************
2026-01-29 14:37:19,837 p=39336 u=yorito n=ansible INFO| instance_1                 : ok=25   changed=3    unreachable=0    failed=0    skipped=0    rescued=0    ignored=0   
2026-01-30 09:46:00,671 p=16064 u=yorito n=ansible INFO| PLAY [Provisioning  servers] *****************************************************
2026-01-30 09:46:00,683 p=16064 u=yorito n=ansible INFO| TASK [Gathering Facts] ***********************************************************
2026-01-30 09:46:03,794 p=16064 u=yorito n=ansible INFO| ok: [instance_1]
2026-01-30 09:46:03,799 p=16064 u=yorito n=ansible INFO| TASK [cloud_1 : Update apt cache] ************************************************
2026-01-30 09:46:09,101 p=16064 u=yorito n=ansible INFO| changed: [instance_1]
2026-01-30 09:46:09,106 p=16064 u=yorito n=ansible INFO| TASK [cloud_1 : Install common packages] *****************************************
2026-01-30 09:46:11,256 p=16064 u=yorito n=ansible INFO| ok: [instance_1]
2026-01-30 09:46:11,267 p=16064 u=yorito n=ansible INFO| TASK [cloud_1 : Ensure UFW service is enabled in Systemd] ************************
2026-01-30 09:46:12,853 p=16064 u=yorito n=ansible INFO| ok: [instance_1]
2026-01-30 09:46:12,857 p=16064 u=yorito n=ansible INFO| TASK [cloud_1 : Allow SSH] *******************************************************
2026-01-30 09:46:14,708 p=16064 u=yorito n=ansible INFO| ok: [instance_1]
2026-01-30 09:46:14,712 p=16064 u=yorito n=ansible INFO| TASK [cloud_1 : Allow HTTP] ******************************************************
2026-01-30 09:46:16,958 p=16064 u=yorito n=ansible INFO| ok: [instance_1]
2026-01-30 09:46:16,962 p=16064 u=yorito n=ansible INFO| TASK [cloud_1 : Allow HTTPS] *****************************************************
2026-01-30 09:46:18,798 p=16064 u=yorito n=ansible INFO| ok: [instance_1]
2026-01-30 09:46:18,802 p=16064 u=yorito n=ansible INFO| TASK [cloud_1 : Enable Firewall (The Switch ON)] *********************************
2026-01-30 09:46:20,634 p=16064 u=yorito n=ansible INFO| ok: [instance_1]
2026-01-30 09:46:20,676 p=16064 u=yorito n=ansible INFO| TASK [cloud_1 : Ensure dependencies are installed] *******************************
2026-01-30 09:46:22,310 p=16064 u=yorito n=ansible INFO| ok: [instance_1]
2026-01-30 09:46:22,314 p=16064 u=yorito n=ansible INFO| TASK [cloud_1 : Add Docker GPG apt Key] ******************************************
2026-01-30 09:46:24,529 p=16064 u=yorito n=ansible INFO| ok: [instance_1]
2026-01-30 09:46:24,534 p=16064 u=yorito n=ansible INFO| TASK [cloud_1 : Add Docker Repository] *******************************************
2026-01-30 09:46:25,859 p=16064 u=yorito n=ansible INFO| ok: [instance_1]
2026-01-30 09:46:25,863 p=16064 u=yorito n=ansible INFO| TASK [cloud_1 : Update apt cache after adding Docker repository] *****************
2026-01-30 09:46:28,513 p=16064 u=yorito n=ansible INFO| ok: [instance_1]
2026-01-30 09:46:28,518 p=16064 u=yorito n=ansible INFO| TASK [cloud_1 : Install Docker and Docker Compose] *******************************
2026-01-30 09:46:30,213 p=16064 u=yorito n=ansible INFO| ok: [instance_1]
2026-01-30 09:46:30,217 p=16064 u=yorito n=ansible INFO| TASK [cloud_1 : Ensure Docker service is enabled and started] ********************
2026-01-30 09:46:31,493 p=16064 u=yorito n=ansible INFO| ok: [instance_1]
2026-01-30 09:46:31,497 p=16064 u=yorito n=ansible INFO| TASK [cloud_1 : Add ubuntu user to docker group] *********************************
2026-01-30 09:46:32,722 p=16064 u=yorito n=ansible INFO| ok: [instance_1]
2026-01-30 09:46:32,726 p=16064 u=yorito n=ansible INFO| TASK [cloud_1 : Create project directory] ****************************************
2026-01-30 09:46:33,845 p=16064 u=yorito n=ansible INFO| ok: [instance_1]
2026-01-30 09:46:33,849 p=16064 u=yorito n=ansible INFO| TASK [cloud_1 : Create directory for certificates] *******************************
2026-01-30 09:46:34,870 p=16064 u=yorito n=ansible INFO| ok: [instance_1]
2026-01-30 09:46:34,874 p=16064 u=yorito n=ansible INFO| TASK [cloud_1 : Generate an OpenSSL private key] *********************************
2026-01-30 09:46:36,403 p=16064 u=yorito n=ansible INFO| ok: [instance_1]
2026-01-30 09:46:36,407 p=16064 u=yorito n=ansible INFO| TASK [cloud_1 : Generate an OpenSSL Certificate Signing Request (CSR)] ***********
2026-01-30 09:46:37,748 p=16064 u=yorito n=ansible INFO| changed: [instance_1]
2026-01-30 09:46:37,749 p=16064 u=yorito n=ansible INFO| TASK [cloud_1 : Generate a Self Signed OpenSSL certificate] **********************
2026-01-30 09:46:39,377 p=16064 u=yorito n=ansible INFO| changed: [instance_1]
2026-01-30 09:46:39,390 p=16064 u=yorito n=ansible INFO| TASK [cloud_1 : Copy .env file] **************************************************
2026-01-30 09:46:41,328 p=16064 u=yorito n=ansible INFO| ok: [instance_1]
2026-01-30 09:46:41,330 p=16064 u=yorito n=ansible INFO| TASK [cloud_1 : Copy Nginx config] ***********************************************
2026-01-30 09:46:43,500 p=16064 u=yorito n=ansible INFO| ok: [instance_1]
2026-01-30 09:46:43,504 p=16064 u=yorito n=ansible INFO| TASK [cloud_1 : Copy docker-compose file] ****************************************
2026-01-30 09:46:45,826 p=16064 u=yorito n=ansible INFO| ok: [instance_1]
2026-01-30 09:46:45,830 p=16064 u=yorito n=ansible INFO| TASK [cloud_1 : Tear down existing services] *************************************
2026-01-30 09:46:51,482 p=16064 u=yorito n=ansible INFO| changed: [instance_1]
2026-01-30 09:46:51,484 p=16064 u=yorito n=ansible INFO| TASK [cloud_1 : Create and start services] ***************************************
2026-01-30 09:47:16,941 p=16064 u=yorito n=ansible INFO| changed: [instance_1]
2026-01-30 09:47:16,943 p=16064 u=yorito n=ansible INFO| PLAY RECAP ***********************************************************************
2026-01-30 09:47:16,943 p=16064 u=yorito n=ansible INFO| instance_1                 : ok=25   changed=5    unreachable=0    failed=0    skipped=0    rescued=0    ignored=0   
2026-01-30 10:39:23,756 p=20283 u=yorito n=ansible ERROR| [ERROR]: roles/cloud_1/vars/secrets.yml exists, please use 'edit' instead

2026-01-30 11:09:36,864 p=23450 u=yorito n=ansible INFO| PLAY [Provisioning  servers] *****************************************************
2026-01-30 11:09:36,875 p=23450 u=yorito n=ansible INFO| TASK [Gathering Facts] ***********************************************************
2026-01-30 11:09:41,694 p=23450 u=yorito n=ansible INFO| ok: [instance_1]
2026-01-30 11:09:41,698 p=23450 u=yorito n=ansible INFO| TASK [cloud_1 : Update apt cache] ************************************************
2026-01-30 11:09:44,743 p=23450 u=yorito n=ansible INFO| ok: [instance_1]
2026-01-30 11:09:44,747 p=23450 u=yorito n=ansible INFO| TASK [cloud_1 : Install common packages] *****************************************
2026-01-30 11:09:46,676 p=23450 u=yorito n=ansible INFO| ok: [instance_1]
2026-01-30 11:09:46,690 p=23450 u=yorito n=ansible INFO| TASK [cloud_1 : Include encrypted secrets] ***************************************
2026-01-30 11:09:46,716 p=23450 u=yorito n=ansible INFO| ok: [instance_1]
2026-01-30 11:09:46,718 p=23450 u=yorito n=ansible INFO| TASK [cloud_1 : Ensure UFW service is enabled in Systemd] ************************
2026-01-30 11:09:48,213 p=23450 u=yorito n=ansible INFO| ok: [instance_1]
2026-01-30 11:09:48,217 p=23450 u=yorito n=ansible INFO| TASK [cloud_1 : Allow SSH] *******************************************************
2026-01-30 11:09:49,748 p=23450 u=yorito n=ansible INFO| ok: [instance_1]
2026-01-30 11:09:49,752 p=23450 u=yorito n=ansible INFO| TASK [cloud_1 : Allow HTTP] ******************************************************
2026-01-30 11:09:52,224 p=23450 u=yorito n=ansible INFO| ok: [instance_1]
2026-01-30 11:09:52,228 p=23450 u=yorito n=ansible INFO| TASK [cloud_1 : Allow HTTPS] *****************************************************
2026-01-30 11:09:53,739 p=23450 u=yorito n=ansible INFO| ok: [instance_1]
2026-01-30 11:09:53,744 p=23450 u=yorito n=ansible INFO| TASK [cloud_1 : Enable Firewall (The Switch ON)] *********************************
2026-01-30 11:09:55,473 p=23450 u=yorito n=ansible INFO| ok: [instance_1]
2026-01-30 11:09:55,498 p=23450 u=yorito n=ansible INFO| TASK [cloud_1 : Ensure dependencies are installed] *******************************
2026-01-30 11:09:57,142 p=23450 u=yorito n=ansible INFO| ok: [instance_1]
2026-01-30 11:09:57,146 p=23450 u=yorito n=ansible INFO| TASK [cloud_1 : Add Docker GPG apt Key] ******************************************
2026-01-30 11:09:59,271 p=23450 u=yorito n=ansible INFO| ok: [instance_1]
2026-01-30 11:09:59,275 p=23450 u=yorito n=ansible INFO| TASK [cloud_1 : Add Docker Repository] *******************************************
2026-01-30 11:10:00,602 p=23450 u=yorito n=ansible INFO| ok: [instance_1]
2026-01-30 11:10:00,607 p=23450 u=yorito n=ansible INFO| TASK [cloud_1 : Update apt cache after adding Docker repository] *****************
2026-01-30 11:10:03,306 p=23450 u=yorito n=ansible INFO| ok: [instance_1]
2026-01-30 11:10:03,310 p=23450 u=yorito n=ansible INFO| TASK [cloud_1 : Install Docker and Docker Compose] *******************************
2026-01-30 11:10:05,003 p=23450 u=yorito n=ansible INFO| ok: [instance_1]
2026-01-30 11:10:05,008 p=23450 u=yorito n=ansible INFO| TASK [cloud_1 : Ensure Docker service is enabled and started] ********************
2026-01-30 11:10:06,340 p=23450 u=yorito n=ansible INFO| ok: [instance_1]
2026-01-30 11:10:06,344 p=23450 u=yorito n=ansible INFO| TASK [cloud_1 : Add ubuntu user to docker group] *********************************
2026-01-30 11:10:07,570 p=23450 u=yorito n=ansible INFO| ok: [instance_1]
2026-01-30 11:10:07,577 p=23450 u=yorito n=ansible INFO| TASK [cloud_1 : Create project directory] ****************************************
2026-01-30 11:10:08,690 p=23450 u=yorito n=ansible INFO| ok: [instance_1]
2026-01-30 11:10:08,692 p=23450 u=yorito n=ansible INFO| TASK [cloud_1 : Create directory for certificates] *******************************
2026-01-30 11:10:09,673 p=23450 u=yorito n=ansible INFO| ok: [instance_1]
2026-01-30 11:10:09,678 p=23450 u=yorito n=ansible INFO| TASK [cloud_1 : Generate an OpenSSL private key] *********************************
2026-01-30 11:10:11,139 p=23450 u=yorito n=ansible INFO| ok: [instance_1]
2026-01-30 11:10:11,145 p=23450 u=yorito n=ansible INFO| TASK [cloud_1 : Generate an OpenSSL Certificate Signing Request (CSR)] ***********
2026-01-30 11:10:12,486 p=23450 u=yorito n=ansible INFO| ok: [instance_1]
2026-01-30 11:10:12,491 p=23450 u=yorito n=ansible INFO| TASK [cloud_1 : Generate a Self Signed OpenSSL certificate] **********************
2026-01-30 11:10:13,832 p=23450 u=yorito n=ansible INFO| ok: [instance_1]
2026-01-30 11:10:13,837 p=23450 u=yorito n=ansible INFO| TASK [cloud_1 : Copy .env file] **************************************************
2026-01-30 11:10:16,163 p=23450 u=yorito n=ansible INFO| changed: [instance_1]
2026-01-30 11:10:16,168 p=23450 u=yorito n=ansible INFO| TASK [cloud_1 : Copy Nginx config] ***********************************************
2026-01-30 11:10:18,016 p=23450 u=yorito n=ansible INFO| ok: [instance_1]
2026-01-30 11:10:18,019 p=23450 u=yorito n=ansible INFO| TASK [cloud_1 : Copy docker-compose file] ****************************************
2026-01-30 11:10:20,175 p=23450 u=yorito n=ansible INFO| changed: [instance_1]
2026-01-30 11:10:20,180 p=23450 u=yorito n=ansible INFO| TASK [cloud_1 : Tear down existing services] *************************************
2026-01-30 11:10:26,108 p=23450 u=yorito n=ansible INFO| changed: [instance_1]
2026-01-30 11:10:26,112 p=23450 u=yorito n=ansible INFO| TASK [cloud_1 : Create and start services] ***************************************
2026-01-30 11:10:32,661 p=23450 u=yorito n=ansible INFO| changed: [instance_1]
2026-01-30 11:10:32,666 p=23450 u=yorito n=ansible INFO| PLAY RECAP ***********************************************************************
2026-01-30 11:10:32,666 p=23450 u=yorito n=ansible INFO| instance_1                 : ok=26   changed=4    unreachable=0    failed=0    skipped=0    rescued=0    ignored=0   
2026-01-30 11:11:31,802 p=23822 u=yorito n=ansible INFO| PLAY [Provisioning  servers] *****************************************************
2026-01-30 11:11:31,814 p=23822 u=yorito n=ansible INFO| TASK [Gathering Facts] ***********************************************************
2026-01-30 11:11:33,904 p=23822 u=yorito n=ansible INFO| ok: [instance_1]
2026-01-30 11:11:33,909 p=23822 u=yorito n=ansible INFO| TASK [cloud_1 : Update apt cache] ************************************************
2026-01-30 11:11:37,986 p=23822 u=yorito n=ansible INFO| ok: [instance_1]
2026-01-30 11:11:37,990 p=23822 u=yorito n=ansible INFO| TASK [cloud_1 : Install common packages] *****************************************
2026-01-30 11:11:39,731 p=23822 u=yorito n=ansible INFO| ok: [instance_1]
2026-01-30 11:11:39,737 p=23822 u=yorito n=ansible INFO| TASK [cloud_1 : Include encrypted secrets] ***************************************
2026-01-30 11:11:39,766 p=23822 u=yorito n=ansible INFO| ok: [instance_1]
2026-01-30 11:11:39,768 p=23822 u=yorito n=ansible INFO| TASK [cloud_1 : Ensure UFW service is enabled in Systemd] ************************
2026-01-30 11:11:41,251 p=23822 u=yorito n=ansible INFO| ok: [instance_1]
2026-01-30 11:11:41,256 p=23822 u=yorito n=ansible INFO| TASK [cloud_1 : Allow SSH] *******************************************************
2026-01-30 11:11:42,835 p=23822 u=yorito n=ansible INFO| ok: [instance_1]
2026-01-30 11:11:42,840 p=23822 u=yorito n=ansible INFO| TASK [cloud_1 : Allow HTTP] ******************************************************
2026-01-30 11:11:44,337 p=23822 u=yorito n=ansible INFO| ok: [instance_1]
2026-01-30 11:11:44,341 p=23822 u=yorito n=ansible INFO| TASK [cloud_1 : Allow HTTPS] *****************************************************
2026-01-30 11:11:45,871 p=23822 u=yorito n=ansible INFO| ok: [instance_1]
2026-01-30 11:11:45,876 p=23822 u=yorito n=ansible INFO| TASK [cloud_1 : Enable Firewall (The Switch ON)] *********************************
2026-01-30 11:11:47,625 p=23822 u=yorito n=ansible INFO| ok: [instance_1]
2026-01-30 11:11:47,649 p=23822 u=yorito n=ansible INFO| TASK [cloud_1 : Ensure dependencies are installed] *******************************
2026-01-30 11:11:49,406 p=23822 u=yorito n=ansible INFO| ok: [instance_1]
2026-01-30 11:11:49,411 p=23822 u=yorito n=ansible INFO| TASK [cloud_1 : Add Docker GPG apt Key] ******************************************
2026-01-30 11:11:51,608 p=23822 u=yorito n=ansible INFO| ok: [instance_1]
2026-01-30 11:11:51,611 p=23822 u=yorito n=ansible INFO| TASK [cloud_1 : Add Docker Repository] *******************************************
2026-01-30 11:11:52,942 p=23822 u=yorito n=ansible INFO| ok: [instance_1]
2026-01-30 11:11:52,947 p=23822 u=yorito n=ansible INFO| TASK [cloud_1 : Update apt cache after adding Docker repository] *****************
2026-01-30 11:11:55,610 p=23822 u=yorito n=ansible INFO| ok: [instance_1]
2026-01-30 11:11:55,615 p=23822 u=yorito n=ansible INFO| TASK [cloud_1 : Install Docker and Docker Compose] *******************************
2026-01-30 11:11:57,341 p=23822 u=yorito n=ansible INFO| ok: [instance_1]
2026-01-30 11:11:57,347 p=23822 u=yorito n=ansible INFO| TASK [cloud_1 : Ensure Docker service is enabled and started] ********************
2026-01-30 11:11:58,683 p=23822 u=yorito n=ansible INFO| ok: [instance_1]
2026-01-30 11:11:58,686 p=23822 u=yorito n=ansible INFO| TASK [cloud_1 : Add ubuntu user to docker group] *********************************
2026-01-30 11:12:00,005 p=23822 u=yorito n=ansible INFO| ok: [instance_1]
2026-01-30 11:12:00,009 p=23822 u=yorito n=ansible INFO| TASK [cloud_1 : Create project directory] ****************************************
2026-01-30 11:12:01,103 p=23822 u=yorito n=ansible INFO| ok: [instance_1]
2026-01-30 11:12:01,105 p=23822 u=yorito n=ansible INFO| TASK [cloud_1 : Create directory for certificates] *******************************
2026-01-30 11:12:02,103 p=23822 u=yorito n=ansible INFO| ok: [instance_1]
2026-01-30 11:12:02,108 p=23822 u=yorito n=ansible INFO| TASK [cloud_1 : Generate an OpenSSL private key] *********************************
2026-01-30 11:12:03,591 p=23822 u=yorito n=ansible INFO| ok: [instance_1]
2026-01-30 11:12:03,592 p=23822 u=yorito n=ansible INFO| TASK [cloud_1 : Generate an OpenSSL Certificate Signing Request (CSR)] ***********
2026-01-30 11:12:04,950 p=23822 u=yorito n=ansible INFO| ok: [instance_1]
2026-01-30 11:12:04,954 p=23822 u=yorito n=ansible INFO| TASK [cloud_1 : Generate a Self Signed OpenSSL certificate] **********************
2026-01-30 11:12:06,357 p=23822 u=yorito n=ansible INFO| ok: [instance_1]
2026-01-30 11:12:06,362 p=23822 u=yorito n=ansible INFO| TASK [cloud_1 : Copy .env file] **************************************************
2026-01-30 11:12:06,600 p=23822 u=yorito n=ansible ERROR| [ERROR]: Task failed: Could not find or access '.env.j2'
Searched in:
	/home/yorito/Program/cloud-1/roles/cloud_1/templates/.env.j2
	/home/yorito/Program/cloud-1/roles/cloud_1/.env.j2
	/home/yorito/Program/cloud-1/roles/cloud_1/tasks/templates/.env.j2
	/home/yorito/Program/cloud-1/roles/cloud_1/tasks/.env.j2
	/home/yorito/Program/cloud-1/templates/.env.j2
	/home/yorito/Program/cloud-1/.env.j2 on the Ansible Controller.
If you are using a module and expect the file to exist on the remote, see the remote_src option

Task failed.
Origin: /home/yorito/Program/cloud-1/roles/cloud_1/tasks/deploy.yml:32:3

30     provider: selfsigned
31
32 - name: Copy .env file
     ^ column 3

<<< caused by >>>

Could not find or access '.env.j2'
Searched in:
	/home/yorito/Program/cloud-1/roles/cloud_1/templates/.env.j2
	/home/yorito/Program/cloud-1/roles/cloud_1/.env.j2
	/home/yorito/Program/cloud-1/roles/cloud_1/tasks/templates/.env.j2
	/home/yorito/Program/cloud-1/roles/cloud_1/tasks/.env.j2
	/home/yorito/Program/cloud-1/templates/.env.j2
	/home/yorito/Program/cloud-1/.env.j2 on the Ansible Controller.
If you are using a module and expect the file to exist on the remote, see the remote_src option


2026-01-30 11:12:06,601 p=23822 u=yorito n=ansible INFO| fatal: [instance_1]: FAILED! => {"changed": false, "msg": "Could not find or access '.env.j2'\nSearched in:\n\t/home/yorito/Program/cloud-1/roles/cloud_1/templates/.env.j2\n\t/home/yorito/Program/cloud-1/roles/cloud_1/.env.j2\n\t/home/yorito/Program/cloud-1/roles/cloud_1/tasks/templates/.env.j2\n\t/home/yorito/Program/cloud-1/roles/cloud_1/tasks/.env.j2\n\t/home/yorito/Program/cloud-1/templates/.env.j2\n\t/home/yorito/Program/cloud-1/.env.j2 on the Ansible Controller.\nIf you are using a module and expect the file to exist on the remote, see the remote_src option"}
2026-01-30 11:12:06,603 p=23822 u=yorito n=ansible INFO| PLAY RECAP ***********************************************************************
2026-01-30 11:12:06,603 p=23822 u=yorito n=ansible INFO| instance_1                 : ok=21   changed=0    unreachable=0    failed=1    skipped=0    rescued=0    ignored=0   
2026-01-30 11:12:54,054 p=24154 u=yorito n=ansible INFO| PLAY [Provisioning  servers] *****************************************************
2026-01-30 11:12:54,067 p=24154 u=yorito n=ansible INFO| TASK [Gathering Facts] ***********************************************************
2026-01-30 11:12:56,034 p=24154 u=yorito n=ansible INFO| ok: [instance_1]
2026-01-30 11:12:56,039 p=24154 u=yorito n=ansible INFO| TASK [cloud_1 : Update apt cache] ************************************************
2026-01-30 11:12:58,859 p=24154 u=yorito n=ansible INFO| ok: [instance_1]
2026-01-30 11:12:58,863 p=24154 u=yorito n=ansible INFO| TASK [cloud_1 : Install common packages] *****************************************
2026-01-30 11:13:00,538 p=24154 u=yorito n=ansible INFO| ok: [instance_1]
2026-01-30 11:13:00,544 p=24154 u=yorito n=ansible INFO| TASK [cloud_1 : Include encrypted secrets] ***************************************
2026-01-30 11:13:00,577 p=24154 u=yorito n=ansible INFO| ok: [instance_1]
2026-01-30 11:13:00,579 p=24154 u=yorito n=ansible INFO| TASK [cloud_1 : Ensure UFW service is enabled in Systemd] ************************
2026-01-30 11:13:02,061 p=24154 u=yorito n=ansible INFO| ok: [instance_1]
2026-01-30 11:13:02,067 p=24154 u=yorito n=ansible INFO| TASK [cloud_1 : Allow SSH] *******************************************************
2026-01-30 11:13:03,594 p=24154 u=yorito n=ansible INFO| ok: [instance_1]
2026-01-30 11:13:03,598 p=24154 u=yorito n=ansible INFO| TASK [cloud_1 : Allow HTTP] ******************************************************
2026-01-30 11:13:05,440 p=24154 u=yorito n=ansible INFO| ok: [instance_1]
2026-01-30 11:13:05,446 p=24154 u=yorito n=ansible INFO| TASK [cloud_1 : Allow HTTPS] *****************************************************
2026-01-30 11:13:07,377 p=24154 u=yorito n=ansible INFO| ok: [instance_1]
2026-01-30 11:13:07,382 p=24154 u=yorito n=ansible INFO| TASK [cloud_1 : Enable Firewall (The Switch ON)] *********************************
2026-01-30 11:13:14,449 p=24154 u=yorito n=ansible INFO| ok: [instance_1]
2026-01-30 11:13:14,474 p=24154 u=yorito n=ansible INFO| TASK [cloud_1 : Ensure dependencies are installed] *******************************
2026-01-30 11:13:22,885 p=24154 u=yorito n=ansible INFO| ok: [instance_1]
2026-01-30 11:13:22,889 p=24154 u=yorito n=ansible INFO| TASK [cloud_1 : Add Docker GPG apt Key] ******************************************
2026-01-30 11:13:34,218 p=24154 u=yorito n=ansible INFO| ok: [instance_1]
2026-01-30 11:13:34,223 p=24154 u=yorito n=ansible INFO| TASK [cloud_1 : Add Docker Repository] *******************************************
2026-01-30 11:13:38,207 p=24154 u=yorito n=ansible INFO| ok: [instance_1]
2026-01-30 11:13:38,212 p=24154 u=yorito n=ansible INFO| TASK [cloud_1 : Update apt cache after adding Docker repository] *****************
2026-01-30 11:13:56,559 p=24154 u=yorito n=ansible INFO| ok: [instance_1]
2026-01-30 11:13:56,563 p=24154 u=yorito n=ansible INFO| TASK [cloud_1 : Install Docker and Docker Compose] *******************************
2026-01-30 11:14:05,242 p=24154 u=yorito n=ansible INFO| ok: [instance_1]
2026-01-30 11:14:05,246 p=24154 u=yorito n=ansible INFO| TASK [cloud_1 : Ensure Docker service is enabled and started] ********************
2026-01-30 11:14:09,443 p=24154 u=yorito n=ansible INFO| ok: [instance_1]
2026-01-30 11:14:09,445 p=24154 u=yorito n=ansible INFO| TASK [cloud_1 : Add ubuntu user to docker group] *********************************
2026-01-30 11:14:12,305 p=24154 u=yorito n=ansible INFO| ok: [instance_1]
2026-01-30 11:14:12,309 p=24154 u=yorito n=ansible INFO| TASK [cloud_1 : Create project directory] ****************************************
2026-01-30 11:14:15,485 p=24154 u=yorito n=ansible INFO| ok: [instance_1]
2026-01-30 11:14:15,490 p=24154 u=yorito n=ansible INFO| TASK [cloud_1 : Create directory for certificates] *******************************
2026-01-30 11:14:18,452 p=24154 u=yorito n=ansible INFO| ok: [instance_1]
2026-01-30 11:14:18,456 p=24154 u=yorito n=ansible INFO| TASK [cloud_1 : Generate an OpenSSL private key] *********************************
2026-01-30 11:14:23,985 p=24154 u=yorito n=ansible INFO| ok: [instance_1]
2026-01-30 11:14:23,990 p=24154 u=yorito n=ansible INFO| TASK [cloud_1 : Generate an OpenSSL Certificate Signing Request (CSR)] ***********
2026-01-30 11:14:27,901 p=24154 u=yorito n=ansible INFO| ok: [instance_1]
2026-01-30 11:14:27,908 p=24154 u=yorito n=ansible INFO| TASK [cloud_1 : Generate a Self Signed OpenSSL certificate] **********************
2026-01-30 11:14:32,642 p=24154 u=yorito n=ansible INFO| ok: [instance_1]
2026-01-30 11:14:32,647 p=24154 u=yorito n=ansible INFO| TASK [cloud_1 : Copy Nginx config] ***********************************************
2026-01-30 11:14:38,421 p=24154 u=yorito n=ansible INFO| ok: [instance_1]
2026-01-30 11:14:38,422 p=24154 u=yorito n=ansible INFO| TASK [cloud_1 : Copy docker-compose file] ****************************************
2026-01-30 11:14:43,745 p=24154 u=yorito n=ansible INFO| ok: [instance_1]
2026-01-30 11:14:43,746 p=24154 u=yorito n=ansible INFO| TASK [cloud_1 : Tear down existing services] *************************************
2026-01-30 11:15:03,130 p=24154 u=yorito n=ansible INFO| changed: [instance_1]
2026-01-30 11:15:03,134 p=24154 u=yorito n=ansible INFO| TASK [cloud_1 : Create and start services] ***************************************
2026-01-30 11:15:41,718 p=24154 u=yorito n=ansible INFO| changed: [instance_1]
2026-01-30 11:15:41,724 p=24154 u=yorito n=ansible INFO| PLAY RECAP ***********************************************************************
2026-01-30 11:15:41,724 p=24154 u=yorito n=ansible INFO| instance_1                 : ok=25   changed=2    unreachable=0    failed=0    skipped=0    rescued=0    ignored=0   
2026-01-30 11:21:32,711 p=24708 u=yorito n=ansible INFO| PLAY [Provisioning  servers] *****************************************************
2026-01-30 11:21:32,721 p=24708 u=yorito n=ansible INFO| TASK [Gathering Facts] ***********************************************************
2026-01-30 11:21:35,730 p=24708 u=yorito n=ansible INFO| ok: [instance_1]
2026-01-30 11:21:35,734 p=24708 u=yorito n=ansible INFO| TASK [cloud_1 : Update apt cache] ************************************************
2026-01-30 11:21:38,899 p=24708 u=yorito n=ansible INFO| ok: [instance_1]
2026-01-30 11:21:38,903 p=24708 u=yorito n=ansible INFO| TASK [cloud_1 : Install common packages] *****************************************
2026-01-30 11:21:40,636 p=24708 u=yorito n=ansible INFO| ok: [instance_1]
2026-01-30 11:21:40,642 p=24708 u=yorito n=ansible INFO| TASK [cloud_1 : Include encrypted secrets] ***************************************
2026-01-30 11:21:40,670 p=24708 u=yorito n=ansible INFO| ok: [instance_1]
2026-01-30 11:21:40,672 p=24708 u=yorito n=ansible INFO| TASK [cloud_1 : Ensure UFW service is enabled in Systemd] ************************
2026-01-30 11:21:42,468 p=24708 u=yorito n=ansible INFO| ok: [instance_1]
2026-01-30 11:21:42,473 p=24708 u=yorito n=ansible INFO| TASK [cloud_1 : Allow SSH] *******************************************************
2026-01-30 11:21:44,013 p=24708 u=yorito n=ansible INFO| ok: [instance_1]
2026-01-30 11:21:44,019 p=24708 u=yorito n=ansible INFO| TASK [cloud_1 : Allow HTTP] ******************************************************
2026-01-30 11:21:46,562 p=24708 u=yorito n=ansible INFO| ok: [instance_1]
2026-01-30 11:21:46,567 p=24708 u=yorito n=ansible INFO| TASK [cloud_1 : Allow HTTPS] *****************************************************
2026-01-30 11:21:49,040 p=24708 u=yorito n=ansible INFO| ok: [instance_1]
2026-01-30 11:21:49,047 p=24708 u=yorito n=ansible INFO| TASK [cloud_1 : Enable Firewall (The Switch ON)] *********************************
2026-01-30 11:21:50,883 p=24708 u=yorito n=ansible INFO| ok: [instance_1]
2026-01-30 11:21:50,903 p=24708 u=yorito n=ansible INFO| TASK [cloud_1 : Ensure dependencies are installed] *******************************
2026-01-30 11:21:52,604 p=24708 u=yorito n=ansible INFO| ok: [instance_1]
2026-01-30 11:21:52,609 p=24708 u=yorito n=ansible INFO| TASK [cloud_1 : Add Docker GPG apt Key] ******************************************
2026-01-30 11:21:54,959 p=24708 u=yorito n=ansible INFO| ok: [instance_1]
2026-01-30 11:21:54,962 p=24708 u=yorito n=ansible INFO| TASK [cloud_1 : Add Docker Repository] *******************************************
2026-01-30 11:21:56,499 p=24708 u=yorito n=ansible INFO| ok: [instance_1]
2026-01-30 11:21:56,503 p=24708 u=yorito n=ansible INFO| TASK [cloud_1 : Update apt cache after adding Docker repository] *****************
2026-01-30 11:21:59,153 p=24708 u=yorito n=ansible INFO| ok: [instance_1]
2026-01-30 11:21:59,157 p=24708 u=yorito n=ansible INFO| TASK [cloud_1 : Install Docker and Docker Compose] *******************************
2026-01-30 11:22:00,941 p=24708 u=yorito n=ansible INFO| ok: [instance_1]
2026-01-30 11:22:00,945 p=24708 u=yorito n=ansible INFO| TASK [cloud_1 : Ensure Docker service is enabled and started] ********************
2026-01-30 11:22:02,236 p=24708 u=yorito n=ansible INFO| ok: [instance_1]
2026-01-30 11:22:02,240 p=24708 u=yorito n=ansible INFO| TASK [cloud_1 : Add ubuntu user to docker group] *********************************
2026-01-30 11:22:03,445 p=24708 u=yorito n=ansible INFO| ok: [instance_1]
2026-01-30 11:22:03,450 p=24708 u=yorito n=ansible INFO| TASK [cloud_1 : Create project directory] ****************************************
2026-01-30 11:22:04,585 p=24708 u=yorito n=ansible INFO| ok: [instance_1]
2026-01-30 11:22:04,587 p=24708 u=yorito n=ansible INFO| TASK [cloud_1 : Create directory for certificates] *******************************
2026-01-30 11:22:05,611 p=24708 u=yorito n=ansible INFO| ok: [instance_1]
2026-01-30 11:22:05,615 p=24708 u=yorito n=ansible INFO| TASK [cloud_1 : Generate an OpenSSL private key] *********************************
2026-01-30 11:22:07,149 p=24708 u=yorito n=ansible INFO| ok: [instance_1]
2026-01-30 11:22:07,155 p=24708 u=yorito n=ansible INFO| TASK [cloud_1 : Generate an OpenSSL Certificate Signing Request (CSR)] ***********
2026-01-30 11:22:08,540 p=24708 u=yorito n=ansible INFO| ok: [instance_1]
2026-01-30 11:22:08,544 p=24708 u=yorito n=ansible INFO| TASK [cloud_1 : Generate a Self Signed OpenSSL certificate] **********************
2026-01-30 11:22:09,949 p=24708 u=yorito n=ansible INFO| ok: [instance_1]
2026-01-30 11:22:09,954 p=24708 u=yorito n=ansible INFO| TASK [cloud_1 : Copy .env file] **************************************************
2026-01-30 11:22:11,850 p=24708 u=yorito n=ansible INFO| ok: [instance_1]
2026-01-30 11:22:11,854 p=24708 u=yorito n=ansible INFO| TASK [cloud_1 : Copy Nginx config] ***********************************************
2026-01-30 11:22:13,698 p=24708 u=yorito n=ansible INFO| ok: [instance_1]
2026-01-30 11:22:13,703 p=24708 u=yorito n=ansible INFO| TASK [cloud_1 : Copy docker-compose file] ****************************************
2026-01-30 11:22:15,648 p=24708 u=yorito n=ansible INFO| ok: [instance_1]
2026-01-30 11:22:15,652 p=24708 u=yorito n=ansible INFO| TASK [cloud_1 : Tear down existing services] *************************************
2026-01-30 11:22:21,196 p=24708 u=yorito n=ansible INFO| changed: [instance_1]
2026-01-30 11:22:21,202 p=24708 u=yorito n=ansible INFO| TASK [cloud_1 : Create and start services] ***************************************
2026-01-30 11:22:27,314 p=24708 u=yorito n=ansible INFO| changed: [instance_1]
2026-01-30 11:22:27,317 p=24708 u=yorito n=ansible INFO| PLAY RECAP ***********************************************************************
2026-01-30 11:22:27,317 p=24708 u=yorito n=ansible INFO| instance_1                 : ok=26   changed=2    unreachable=0    failed=0    skipped=0    rescued=0    ignored=0   
